0 info it worked if it ends with ok
1 verbose cli [ 'C:\\Program Files\\nodejs\\node.exe',
1 verbose cli   'C:\\Users\\cry\\AppData\\Roaming\\npm\\node_modules\\cnpm\\node_modules\\npm\\bin\\npm-cli.js',
1 verbose cli   '--userconfig=C:\\Users\\cry\\.cnpmrc',
1 verbose cli   '--disturl=https://npm.taobao.org/mirrors/node',
1 verbose cli   '--cache=C:\\Users\\cry\\.cnpm',
1 verbose cli   '--registry=http://npm-registry.qunhequnhe.com/',
1 verbose cli   '--node-gyp=C:\\Users\\cry\\AppData\\Roaming\\npm\\node_modules\\cnpm\\node_modules\\node-gyp\\bin\\node-gyp.js',
1 verbose cli   'install',
1 verbose cli   '-g',
1 verbose cli   'babel-core' ]
2 info using npm@2.14.22
3 info using node@v7.10.0
4 verbose install initial load of C:\Program Files\nodejs\package.json
5 verbose readDependencies loading dependencies from C:\Program Files\nodejs\package.json
6 silly cache add args [ 'babel-core', null ]
7 verbose cache add spec babel-core
8 silly cache add parsed spec Result {
8 silly cache add   raw: 'babel-core',
8 silly cache add   scope: null,
8 silly cache add   name: 'babel-core',
8 silly cache add   rawSpec: '',
8 silly cache add   spec: 'latest',
8 silly cache add   type: 'tag' }
9 silly addNamed babel-core@latest
10 verbose addNamed "latest" is being treated as a dist-tag for babel-core
11 info addNameTag [ 'babel-core', 'latest' ]
12 silly mapToRegistry name babel-core
13 silly mapToRegistry using default registry
14 silly mapToRegistry registry http://npm-registry.qunhequnhe.com/
15 silly mapToRegistry uri http://npm-registry.qunhequnhe.com/babel-core
16 verbose addNameTag registry:http://npm-registry.qunhequnhe.com/babel-core not in flight; fetching
17 verbose request uri http://npm-registry.qunhequnhe.com/babel-core
18 verbose request no auth needed
19 info attempt registry request try #1 at 11:50:32
20 verbose request id 4bec74481f44c71b
21 http request GET http://npm-registry.qunhequnhe.com/babel-core
22 http 200 http://npm-registry.qunhequnhe.com/babel-core
23 verbose headers { server: 'nginx/1.4.6 (Ubuntu)',
23 verbose headers   date: 'Tue, 06 Jun 2017 03:50:29 GMT',
23 verbose headers   'content-type': 'application/json',
23 verbose headers   'content-length': '556411',
23 verbose headers   connection: 'keep-alive',
23 verbose headers   'x-frame-options': 'SAMEORIGIN',
23 verbose headers   'x-content-type-options': 'nosniff' }
24 silly get cb [ 200,
24 silly get   { server: 'nginx/1.4.6 (Ubuntu)',
24 silly get     date: 'Tue, 06 Jun 2017 03:50:29 GMT',
24 silly get     'content-type': 'application/json',
24 silly get     'content-length': '556411',
24 silly get     connection: 'keep-alive',
24 silly get     'x-frame-options': 'SAMEORIGIN',
24 silly get     'x-content-type-options': 'nosniff' } ]
25 verbose get saving babel-core to C:\Users\cry\.cnpm\npm-registry.qunhequnhe.com\babel-core\.cache.json
26 verbose correctMkdir C:\Users\cry\.cnpm correctMkdir not in flight; initializing
27 silly addNameTag next cb for babel-core with tag latest
28 silly addNamed babel-core@6.24.1
29 verbose addNamed "6.24.1" is a plain semver version for babel-core
30 silly cache afterAdd babel-core@6.24.1
31 verbose afterAdd C:\Users\cry\.cnpm\babel-core\6.24.1\package\package.json not in flight; writing
32 verbose correctMkdir C:\Users\cry\.cnpm correctMkdir not in flight; initializing
33 verbose afterAdd C:\Users\cry\.cnpm\babel-core\6.24.1\package\package.json written
34 silly install resolved [ { name: 'babel-core',
34 silly install resolved     version: '6.24.1',
34 silly install resolved     description: 'Babel compiler core.',
34 silly install resolved     author: { name: 'Sebastian McKenzie', email: 'sebmck@gmail.com' },
34 silly install resolved     homepage: 'https://babeljs.io/',
34 silly install resolved     license: 'MIT',
34 silly install resolved     repository:
34 silly install resolved      { type: 'git',
34 silly install resolved        url: 'https://github.com/babel/babel/tree/master/packages/babel-core' },
34 silly install resolved     keywords:
34 silly install resolved      [ '6to5',
34 silly install resolved        'babel',
34 silly install resolved        'classes',
34 silly install resolved        'const',
34 silly install resolved        'es6',
34 silly install resolved        'harmony',
34 silly install resolved        'let',
34 silly install resolved        'modules',
34 silly install resolved        'transpile',
34 silly install resolved        'transpiler',
34 silly install resolved        'var',
34 silly install resolved        'babel-core',
34 silly install resolved        'compiler' ],
34 silly install resolved     scripts: { bench: 'make bench', test: 'make test' },
34 silly install resolved     dependencies:
34 silly install resolved      { 'babel-code-frame': '^6.22.0',
34 silly install resolved        'babel-generator': '^6.24.1',
34 silly install resolved        'babel-helpers': '^6.24.1',
34 silly install resolved        'babel-messages': '^6.23.0',
34 silly install resolved        'babel-template': '^6.24.1',
34 silly install resolved        'babel-runtime': '^6.22.0',
34 silly install resolved        'babel-register': '^6.24.1',
34 silly install resolved        'babel-traverse': '^6.24.1',
34 silly install resolved        'babel-types': '^6.24.1',
34 silly install resolved        babylon: '^6.11.0',
34 silly install resolved        'convert-source-map': '^1.1.0',
34 silly install resolved        debug: '^2.1.1',
34 silly install resolved        json5: '^0.5.0',
34 silly install resolved        lodash: '^4.2.0',
34 silly install resolved        minimatch: '^3.0.2',
34 silly install resolved        'path-is-absolute': '^1.0.0',
34 silly install resolved        private: '^0.1.6',
34 silly install resolved        slash: '^1.0.0',
34 silly install resolved        'source-map': '^0.5.0' },
34 silly install resolved     devDependencies:
34 silly install resolved      { 'babel-helper-fixtures': '^6.22.0',
34 silly install resolved        'babel-helper-transform-fixture-test-runner': '^6.24.1',
34 silly install resolved        'babel-polyfill': '^6.23.0' },
34 silly install resolved     _id: 'babel-core@6.24.1',
34 silly install resolved     _shasum: '8c428564dce1e1f41fb337ec34f4c3b022b5ad83',
34 silly install resolved     _from: 'babel-core@latest',
34 silly install resolved     _npmVersion: '3.10.10',
34 silly install resolved     _nodeVersion: '6.9.0',
34 silly install resolved     _npmUser: { name: 'hzoo', email: 'hi@henryzoo.com' },
34 silly install resolved     dist:
34 silly install resolved      { shasum: '8c428564dce1e1f41fb337ec34f4c3b022b5ad83',
34 silly install resolved        size: 21984,
34 silly install resolved        noattachment: false,
34 silly install resolved        tarball: 'http://npm-registry.qunhequnhe.com/repository/npm/babel-core/-/babel-core-6.24.1.tgz' },
34 silly install resolved     maintainers: [ [Object], [Object], [Object], [Object], [Object], [Object] ],
34 silly install resolved     _npmOperationalInternal:
34 silly install resolved      { host: 'packages-12-west.internal.npmjs.com',
34 silly install resolved        tmp: 'tmp/babel-core-6.24.1.tgz_1491578389054_0.9957534451968968' },
34 silly install resolved     directories: {},
34 silly install resolved     publish_time: 1491578389364,
34 silly install resolved     _hasShrinkwrap: false,
34 silly install resolved     _cnpm_publish_time: 1491578389364,
34 silly install resolved     _resolved: 'http://npm-registry.qunhequnhe.com/repository/npm/babel-core/-/babel-core-6.24.1.tgz',
34 silly install resolved     readme: 'ERROR: No README data found!' } ]
35 info install babel-core@6.24.1 into C:\Program Files\nodejs
36 info installOne babel-core@6.24.1
37 verbose installOne of babel-core to C:\Program Files\nodejs not in flight; installing
38 verbose correctMkdir C:\Users\cry\.cnpm\_locks correctMkdir not in flight; initializing
39 verbose lock using C:\Users\cry\.cnpm\_locks\babel-core-48b9cd2ad4e3c601.lock for C:\Program Files\nodejs\node_modules\babel-core
40 silly install write writing babel-core 6.24.1 to C:\Program Files\nodejs\node_modules\babel-core
41 verbose unbuild node_modules\babel-core
42 silly gentlyRm C:\Program Files\nodejs\node_modules\babel-core is being purged from base C:\Program Files\nodejs
43 verbose gentlyRm don't care about contents; nuking C:\Program Files\nodejs\node_modules\babel-core
44 verbose tar unpack C:\Users\cry\.cnpm\babel-core\6.24.1\package.tgz
45 verbose tar unpacking to C:\Program Files\nodejs\node_modules\babel-core
46 silly gentlyRm C:\Program Files\nodejs\node_modules\babel-core is being purged
47 verbose gentlyRm don't care about contents; nuking C:\Program Files\nodejs\node_modules\babel-core
48 silly gunzTarPerm modes [ '777', '666' ]
49 error tar.unpack untar error C:\Users\cry\.cnpm\babel-core\6.24.1\package.tgz
50 verbose unlock done using C:\Users\cry\.cnpm\_locks\babel-core-48b9cd2ad4e3c601.lock for C:\Program Files\nodejs\node_modules\babel-core
51 verbose fstream_path C:\Program Files\nodejs\node_modules\babel-core
52 verbose fstream_type Directory
53 verbose fstream_class DirWriter
54 verbose stack Error: EPERM: operation not permitted, mkdir 'C:\Program Files\nodejs\node_modules\babel-core'
55 verbose fstream_stack C:\Users\cry\AppData\Roaming\npm\node_modules\cnpm\node_modules\npm\node_modules\fstream\lib\dir-writer.js:35:25
55 verbose fstream_stack C:\Users\cry\AppData\Roaming\npm\node_modules\cnpm\node_modules\npm\node_modules\mkdirp\index.js:47:53
55 verbose fstream_stack FSReqWrap.oncomplete (fs.js:114:15)
56 verbose cwd D:\webpack-scaffold
57 error Windows_NT 6.1.7601
58 error argv "C:\\Program Files\\nodejs\\node.exe" "C:\\Users\\cry\\AppData\\Roaming\\npm\\node_modules\\cnpm\\node_modules\\npm\\bin\\npm-cli.js" "--userconfig=C:\\Users\\cry\\.cnpmrc" "--disturl=https://npm.taobao.org/mirrors/node" "--cache=C:\\Users\\cry\\.cnpm" "--registry=http://npm-registry.qunhequnhe.com/" "--node-gyp=C:\\Users\\cry\\AppData\\Roaming\\npm\\node_modules\\cnpm\\node_modules\\node-gyp\\bin\\node-gyp.js" "install" "-g" "babel-core"
59 error node v7.10.0
60 error npm  v2.14.22
61 error path C:\Program Files\nodejs\node_modules\babel-core
62 error code EPERM
63 error errno -4048
64 error syscall mkdir
65 error Error: EPERM: operation not permitted, mkdir 'C:\Program Files\nodejs\node_modules\babel-core'
65 error  { Error: EPERM: operation not permitted, mkdir 'C:\Program Files\nodejs\node_modules\babel-core'
65 error   errno: -4048,
65 error   code: 'EPERM',
65 error   syscall: 'mkdir',
65 error   path: 'C:\\Program Files\\nodejs\\node_modules\\babel-core',
65 error   fstream_type: 'Directory',
65 error   fstream_path: 'C:\\Program Files\\nodejs\\node_modules\\babel-core',
65 error   fstream_class: 'DirWriter',
65 error   fstream_stack:
65 error    [ 'C:\\Users\\cry\\AppData\\Roaming\\npm\\node_modules\\cnpm\\node_modules\\npm\\node_modules\\fstream\\lib\\dir-writer.js:35:25',
65 error      'C:\\Users\\cry\\AppData\\Roaming\\npm\\node_modules\\cnpm\\node_modules\\npm\\node_modules\\mkdirp\\index.js:47:53',
65 error      'FSReqWrap.oncomplete (fs.js:114:15)' ] }
66 error Please try running this command again as root/Administrator.
67 verbose exit [ -4048, true ]
68 verbose unbuild node_modules\babel-core
69 silly gentlyRm C:\Program Files\nodejs\node_modules\babel-core is being purged from base C:\Program Files\nodejs
70 verbose gentlyRm don't care about contents; nuking C:\Program Files\nodejs\node_modules\babel-core
